Arguments: 
  /usr/bin/node /usr/bin/yarnpkg add coc-sources coc-vimtex coc-java coc-yaml coc-git --ignore-engines --ignore-scripts

PATH: 
  /usr/local/bin:/usr/bin:/bin:/usr/local/sbin:/opt/flutter/bin:/usr/lib/jvm/default/bin:/usr/bin/site_perl:/usr/bin/vendor_perl:/usr/bin/core_perl

Yarn version: 
  1.16.0

Node version: 
  11.15.0

Platform: 
  linux x64

Trace: 
  Error: https://registry.yarnpkg.com/coc-sources: Not found
      at Request.params.callback [as _callback] (/usr/lib/node_modules/yarn/lib/cli.js:66091:18)
      at Request.self.callback (/usr/lib/node_modules/yarn/lib/cli.js:129590:22)
      at Request.emit (events.js:193:13)
      at Request.<anonymous> (/usr/lib/node_modules/yarn/lib/cli.js:130562:10)
      at Request.emit (events.js:193:13)
      at IncomingMessage.<anonymous> (/usr/lib/node_modules/yarn/lib/cli.js:130484:12)
      at Object.onceWrapper (events.js:281:20)
      at IncomingMessage.emit (events.js:198:15)
      at endReadableNT (_stream_readable.js:1139:12)
      at processTicksAndRejections (internal/process/task_queues.js:81:17)

npm manifest: 
  {
    "dependencies": {
      "coc-ultisnips": "^1.2.3"
    }
  }

yarn manifest: 
  No manifest

Lockfile: 
  # THIS IS AN AUTOGENERATED FILE. DO NOT EDIT THIS FILE DIRECTLY.
  # yarn lockfile v1
  
  
  coc-ultisnips@^1.2.3:
    version "1.2.3"
    resolved "https://registry.yarnpkg.com/coc-ultisnips/-/coc-ultisnips-1.2.3.tgz#07dfc47a581111239867f7e27daf8d974f287ad6"
    integrity sha512-gefj80C24vZ9FTnFLWXhNC8aW9VBVQGELH0e80gAAZma/RY5FGOkzWVvtjO9vQqAVHt4TQUErybsf/en5ci82w==
